Arguments: 
  /usr/local/Cellar/node/12.6.0/bin/node /usr/local/Cellar/yarn/1.17.3/libexec/bin/yarn.js run dev

PATH: 
  /usr/local/bin:/usr/bin:/bin:/usr/sbin:/sbin

Yarn version: 
  1.17.3

Node version: 
  12.6.0

Platform: 
  darwin x64

Trace: 
  SyntaxError: /Users/Luke/Documents/BootcampWork/project-three/package.json: Unexpected token / in JSON at position 496
      at JSON.parse (<anonymous>)
      at /usr/local/Cellar/yarn/1.17.3/libexec/lib/cli.js:1625:59
      at Generator.next (<anonymous>)
      at step (/usr/local/Cellar/yarn/1.17.3/libexec/lib/cli.js:304:30)
      at /usr/local/Cellar/yarn/1.17.3/libexec/lib/cli.js:315:13

npm manifest: 
  {
    "name": "simple-mern-passport",
    "version": "0.1.0",
    "private": true,
    "dependencies": {
      "axios": "^0.19.0",
      "bcryptjs": "^2.4.3",
      "body-parser": "^1.18.2",
      "connect-mongo": "^2.0.1",
      "express": "^4.16.2",
      "express-session": "^1.15.6",
      "mongoose": "^5.6.6",
      "morgan": "^1.9.1",
      "passport": "^0.4.0",
      "passport-local": "^1.0.0",
      "react": "^16.2.0",
      "react-dom": "^16.2.0",
      "react-router-dom": "^4.2.2",
      "react-scripts": "^3.0.1"
      // "spectre.css": "^0.5.0"
    },
    "scripts": {
      "start": "npx concurrently 'react-scripts start' 'npm run api'",
      "build": "react-scripts build",
      "test": "react-scripts test --env=jsdom",
      "eject": "react-scripts eject",
      "api": "nodemon ./server/server.js",
      "dev": "concurrently \"react-scripts start\" \"nodemon server/server.js\""
    },
    "devDependencies": {
      "concurrently": "^3.5.1",
      "nodemon": "^1.17.5"
    },
    "proxy": "http://127.0.0.1:8080",
    "browserslist": {
      "production": [
        ">0.2%",
        "not dead",
        "not op_mini all"
      ],
      "development": [
        "last 1 chrome version",
        "last 1 firefox version",
        "last 1 safari version"
      ]
    }
  }

yarn manifest: 
  No manifest

Lockfile: 
  No lockfile
